This file contains any messages produced by compilers while
running configure, to aid debugging if configure makes a mistake.

It was created by configure, which was
generated by GNU Autoconf 2.72.  Invocation command line was

  $ ./configure --with-php-config=/usr/bin/php-config

## --------- ##
## Platform. ##
## --------- ##

hostname = vandunxg
uname -m = x86_64
uname -r = 6.8.9-arch1-1
uname -s = Linux
uname -v = #1 SMP PREEMPT_DYNAMIC Thu, 02 May 2024 17:49:46 +0000

/usr/bin/uname -p = unknown
/bin/uname -X     = unknown

/bin/arch              = unknown
/usr/bin/arch -k       = unknown
/usr/convex/getsysinfo = unknown
/usr/bin/hostinfo      = unknown
/bin/machine           = unknown
/usr/bin/oslevel       = unknown
/bin/universe          = unknown

PATH: /usr/sbin/
PATH: /usr/bin/
PATH: /sbin/
PATH: /bin/
PATH: /root/bin/


## ----------- ##
## Core tests. ##
## ----------- ##

configure:2555: looking for aux files: config.guess config.sub
configure:2568:  trying ./build/
configure:2597:   ./build/config.guess found
configure:2597:   ./build/config.sub found
configure:2715: checking for grep that handles long lines and -e
configure:2781: result: /usr/sbin/grep
configure:2786: checking for egrep
configure:2856: result: /usr/sbin/grep -E
configure:2863: checking for a sed that does not truncate output
configure:2935: result: /usr/sbin/sed
configure:3080: checking for pkg-config
configure:3103: found /usr/sbin/pkg-config
configure:3116: result: /usr/sbin/pkg-config
configure:3141: checking pkg-config is at least version 0.9.0
configure:3144: result: yes
configure:3221: checking for cc
configure:3242: found /usr/sbin/cc
configure:3254: result: cc
configure:3285: checking for C compiler version
configure:3294: cc --version >&5
cc (GCC) 13.2.1 20240417
Copyright (C) 2023 Free Software Foundation, Inc.
This is free software; see the source for copying conditions.  There is NO
warranty; not even for MERCHANTABILITY or FITNESS FOR A PARTICULAR PURPOSE.

configure:3305: $? = 0
configure:3294: cc -v >&5
Using built-in specs.
COLLECT_GCC=cc
COLLECT_LTO_WRAPPER=/usr/lib/gcc/x86_64-pc-linux-gnu/13.2.1/lto-wrapper
Target: x86_64-pc-linux-gnu
Configured with: /build/gcc/src/gcc/configure --enable-languages=ada,c,c++,d,fortran,go,lto,m2,objc,obj-c++ --enable-bootstrap --prefix=/usr --libdir=/usr/lib --libexecdir=/usr/lib --mandir=/usr/share/man --infodir=/usr/share/info --with-bugurl=https://gitlab.archlinux.org/archlinux/packaging/packages/gcc/-/issues --with-build-config=bootstrap-lto --with-linker-hash-style=gnu --with-system-zlib --enable-__cxa_atexit --enable-cet=auto --enable-checking=release --enable-clocale=gnu --enable-default-pie --enable-default-ssp --enable-gnu-indirect-function --enable-gnu-unique-object --enable-libstdcxx-backtrace --enable-link-serialization=1 --enable-linker-build-id --enable-lto --enable-multilib --enable-plugin --enable-shared --enable-threads=posix --disable-libssp --disable-libstdcxx-pch --disable-werror
Thread model: posix
Supported LTO compression algorithms: zlib zstd
gcc version 13.2.1 20240417 (GCC) 
configure:3305: $? = 0
configure:3294: cc -V >&5
cc: error: unrecognized command-line option '-V'
cc: fatal error: no input files
compilation terminated.
configure:3305: $? = 1
configure:3294: cc -qversion >&5
cc: error: unrecognized command-line option '-qversion'; did you mean '--version'?
cc: fatal error: no input files
compilation terminated.
configure:3305: $? = 1
configure:3294: cc -version >&5
cc: error: unrecognized command-line option '-version'
cc: fatal error: no input files
compilation terminated.
configure:3305: $? = 1
configure:3325: checking whether the C compiler works
configure:3347: cc    conftest.c  >&5
configure:3351: $? = 0
configure:3402: result: yes
configure:3406: checking for C compiler default output file name
configure:3408: result: a.out
configure:3414: checking for suffix of executables
configure:3421: cc -o conftest    conftest.c  >&5
configure:3425: $? = 0
configure:3449: result: 
configure:3473: checking whether we are cross compiling
configure:3481: cc -o conftest    conftest.c  >&5
configure:3485: $? = 0
configure:3492: ./conftest
configure:3496: $? = 0
configure:3511: result: no
configure:3517: checking for suffix of object files
configure:3540: cc -c   conftest.c >&5
configure:3544: $? = 0
configure:3568: result: o
configure:3572: checking whether the compiler supports GNU C
configure:3592: cc -c   conftest.c >&5
configure:3592: $? = 0
configure:3604: result: yes
configure:3615: checking whether cc accepts -g
configure:3636: cc -c -g  conftest.c >&5
configure:3636: $? = 0
configure:3683: result: yes
configure:3703: checking for cc option to enable C11 features
configure:3718: cc  -c -g -O2  conftest.c >&5
configure:3718: $? = 0
configure:3737: result: none needed
configure:3861: checking how to run the C preprocessor
configure:3887: cc -E  conftest.c
configure:3887: $? = 0
configure:3903: cc -E  conftest.c
conftest.c:9:10: fatal error: ac_nonexistent.h: No such file or directory
    9 | #include <ac_nonexistent.h>
      |          ^~~~~~~~~~~~~~~~~~
compilation terminated.
configure:3903: $? = 1
configure: failed program was:
| /* confdefs.h */
| #define PACKAGE_NAME ""
| #define PACKAGE_TARNAME ""
| #define PACKAGE_VERSION ""
| #define PACKAGE_STRING ""
| #define PACKAGE_BUGREPORT ""
| #define PACKAGE_URL ""
| /* end confdefs.h.  */
| #include <ac_nonexistent.h>
configure:3932: result: cc -E
configure:3946: cc -E  conftest.c
configure:3946: $? = 0
configure:3962: cc -E  conftest.c
conftest.c:9:10: fatal error: ac_nonexistent.h: No such file or directory
    9 | #include <ac_nonexistent.h>
      |          ^~~~~~~~~~~~~~~~~~
compilation terminated.
configure:3962: $? = 1
configure: failed program was:
| /* confdefs.h */
| #define PACKAGE_NAME ""
| #define PACKAGE_TARNAME ""
| #define PACKAGE_VERSION ""
| #define PACKAGE_STRING ""
| #define PACKAGE_BUGREPORT ""
| #define PACKAGE_URL ""
| /* end confdefs.h.  */
| #include <ac_nonexistent.h>
configure:3995: checking for egrep -e
configure:4125: result: /usr/sbin/grep -E
configure:4131: checking for icc
configure:4141: result: no
configure:4156: checking for suncc
configure:4166: result: no
configure:4185: checking for system library directory
configure:4202: result: lib
configure:4209: checking if compiler supports -Wl,-rpath,
configure:4229: cc -o conftest -g -O2   conftest.c -Wl,-rpath,/usr/lib  >&5
configure:4229: $? = 0
configure:4242: result: yes
configure:4299: checking build system type
configure:4315: result: x86_64-pc-linux-gnu
configure:4335: checking host system type
configure:4350: result: x86_64-pc-linux-gnu
configure:4370: checking target system type
configure:4385: result: x86_64-pc-linux-gnu
configure:4490: checking for PHP prefix
configure:4492: result: /usr
configure:4494: checking for PHP includes
configure:4496: result: -I/usr/include/php -I/usr/include/php/main -I/usr/include/php/TSRM -I/usr/include/php/Zend -I/usr/include/php/ext -I/usr/include/php/ext/date/lib
configure:4498: checking for PHP extension directory
configure:4500: result: /usr/lib/php/modules
configure:4502: checking for PHP installed headers prefix
configure:4504: result: /usr/include/php
configure:4507: checking if debug is enabled
configure:4535: result: no
configure:4538: checking if zts is enabled
configure:4566: result: no
configure:4634: checking for gawk
configure:4656: found /usr/sbin/gawk
configure:4668: result: gawk
configure:4712: checking whether to enable Xdebug support
configure:4753: result: yes, shared
configure:4762: checking whether to enable Xdebug developer build flags
configure:4778: result: no
configure:4787: checking whether to compress profiler files (requires zlib)
configure:4804: result: yes
configure:4834: checking for supported PHP version
configure:4844: result: supported (8.3.6)
configure:4859: checking for clock_gettime
configure:4873: cc -o conftest -g -O2 -I/usr/include/php -I/usr/include/php/main -I/usr/include/php/TSRM -I/usr/include/php/Zend -I/usr/include/php/ext -I/usr/include/php/ext/date/lib   conftest.c  >&5
configure:4873: $? = 0
configure:4877: result: yes
configure:4933: checking for clock_gettime_nsec_np
configure:4933: cc -o conftest -g -O2 -I/usr/include/php -I/usr/include/php/main -I/usr/include/php/TSRM -I/usr/include/php/Zend -I/usr/include/php/ext -I/usr/include/php/ext/date/lib   conftest.c  >&5
/usr/sbin/ld: /tmp/cchWDVpv.o: in function `main':
/home/vandunxg/CODE/hotel/hostay/xdebug-3.3.2/conftest.c:38:(.text.startup+0x5): undefined reference to `clock_gettime_nsec_np'
collect2: error: ld returned 1 exit status
configure:4933: $? = 1
configure: failed program was:
| /* confdefs.h */
| #define PACKAGE_NAME ""
| #define PACKAGE_TARNAME ""
| #define PACKAGE_VERSION ""
| #define PACKAGE_STRING ""
| #define PACKAGE_BUGREPORT ""
| #define PACKAGE_URL ""
| #define HAVE_XDEBUG 1
| #define HAVE_XDEBUG_CLOCK_GETTIME 1
| /* end confdefs.h.  */
| /* Define clock_gettime_nsec_np to an innocuous variant, in case <limits.h> declares clock_gettime_nsec_np.
|    For example, HP-UX 11i <limits.h> declares gettimeofday.  */
| #define clock_gettime_nsec_np innocuous_clock_gettime_nsec_np
| 
| /* System header to define __stub macros and hopefully few prototypes,
|    which can conflict with char clock_gettime_nsec_np (void); below.  */
| 
| #include <limits.h>
| #undef clock_gettime_nsec_np
| 
| /* Override any GCC internal prototype to avoid an error.
|    Use char because int might match the return type of a GCC
|    builtin and then its argument prototype would still apply.  */
| #ifdef __cplusplus
| extern "C"
| #endif
| char clock_gettime_nsec_np (void);
| /* The GNU C library defines this for functions which it implements
|     to always fail with ENOSYS.  Some functions are actually named
|     something starting with __ and the normal name is an alias.  */
| #if defined __stub_clock_gettime_nsec_np || defined __stub___clock_gettime_nsec_np
| choke me
| #endif
| 
| int
| main (void)
| {
| return clock_gettime_nsec_np ();
|   ;
|   return 0;
| }
configure:4933: result: no
configure:4947: checking for gettimeofday
configure:4947: cc -o conftest -g -O2 -I/usr/include/php -I/usr/include/php/main -I/usr/include/php/TSRM -I/usr/include/php/Zend -I/usr/include/php/ext -I/usr/include/php/ext/date/lib   conftest.c  >&5
configure:4947: $? = 0
configure:4947: result: yes
configure:4960: checking for stdio.h
configure:4960: cc -c -g -O2 -I/usr/include/php -I/usr/include/php/main -I/usr/include/php/TSRM -I/usr/include/php/Zend -I/usr/include/php/ext -I/usr/include/php/ext/date/lib  conftest.c >&5
configure:4960: $? = 0
configure:4960: result: yes
configure:4960: checking for stdlib.h
configure:4960: cc -c -g -O2 -I/usr/include/php -I/usr/include/php/main -I/usr/include/php/TSRM -I/usr/include/php/Zend -I/usr/include/php/ext -I/usr/include/php/ext/date/lib  conftest.c >&5
configure:4960: $? = 0
configure:4960: result: yes
configure:4960: checking for string.h
configure:4960: cc -c -g -O2 -I/usr/include/php -I/usr/include/php/main -I/usr/include/php/TSRM -I/usr/include/php/Zend -I/usr/include/php/ext -I/usr/include/php/ext/date/lib  conftest.c >&5
configure:4960: $? = 0
configure:4960: result: yes
configure:4960: checking for inttypes.h
configure:4960: cc -c -g -O2 -I/usr/include/php -I/usr/include/php/main -I/usr/include/php/TSRM -I/usr/include/php/Zend -I/usr/include/php/ext -I/usr/include/php/ext/date/lib  conftest.c >&5
configure:4960: $? = 0
configure:4960: result: yes
configure:4960: checking for stdint.h
configure:4960: cc -c -g -O2 -I/usr/include/php -I/usr/include/php/main -I/usr/include/php/TSRM -I/usr/include/php/Zend -I/usr/include/php/ext -I/usr/include/php/ext/date/lib  conftest.c >&5
configure:4960: $? = 0
configure:4960: result: yes
configure:4960: checking for strings.h
configure:4960: cc -c -g -O2 -I/usr/include/php -I/usr/include/php/main -I/usr/include/php/TSRM -I/usr/include/php/Zend -I/usr/include/php/ext -I/usr/include/php/ext/date/lib  conftest.c >&5
configure:4960: $? = 0
configure:4960: result: yes
configure:4960: checking for sys/stat.h
configure:4960: cc -c -g -O2 -I/usr/include/php -I/usr/include/php/main -I/usr/include/php/TSRM -I/usr/include/php/Zend -I/usr/include/php/ext -I/usr/include/php/ext/date/lib  conftest.c >&5
configure:4960: $? = 0
configure:4960: result: yes
configure:4960: checking for sys/types.h
configure:4960: cc -c -g -O2 -I/usr/include/php -I/usr/include/php/main -I/usr/include/php/TSRM -I/usr/include/php/Zend -I/usr/include/php/ext -I/usr/include/php/ext/date/lib  conftest.c >&5
configure:4960: $? = 0
configure:4960: result: yes
configure:4960: checking for unistd.h
configure:4960: cc -c -g -O2 -I/usr/include/php -I/usr/include/php/main -I/usr/include/php/TSRM -I/usr/include/php/Zend -I/usr/include/php/ext -I/usr/include/php/ext/date/lib  conftest.c >&5
configure:4960: $? = 0
configure:4960: result: yes
configure:4985: checking for netinet/in.h
configure:4985: cc -c -g -O2 -I/usr/include/php -I/usr/include/php/main -I/usr/include/php/TSRM -I/usr/include/php/Zend -I/usr/include/php/ext -I/usr/include/php/ext/date/lib  conftest.c >&5
configure:4985: $? = 0
configure:4985: result: yes
configure:4991: checking for poll.h
configure:4991: cc -c -g -O2 -I/usr/include/php -I/usr/include/php/main -I/usr/include/php/TSRM -I/usr/include/php/Zend -I/usr/include/php/ext -I/usr/include/php/ext/date/lib  conftest.c >&5
configure:4991: $? = 0
configure:4991: result: yes
configure:4997: checking for sys/poll.h
configure:4997: cc -c -g -O2 -I/usr/include/php -I/usr/include/php/main -I/usr/include/php/TSRM -I/usr/include/php/Zend -I/usr/include/php/ext -I/usr/include/php/ext/date/lib  conftest.c >&5
configure:4997: $? = 0
configure:4997: result: yes
configure:5008: checking for linux/rtnetlink.h
configure:5008: cc -c -g -O2 -I/usr/include/php -I/usr/include/php/main -I/usr/include/php/TSRM -I/usr/include/php/Zend -I/usr/include/php/ext -I/usr/include/php/ext/date/lib  conftest.c >&5
configure:5008: $? = 0
configure:5008: result: yes
configure:5032: checking for res_ninit
configure:5032: cc -o conftest -g -O2 -I/usr/include/php -I/usr/include/php/main -I/usr/include/php/TSRM -I/usr/include/php/Zend -I/usr/include/php/ext -I/usr/include/php/ext/date/lib   conftest.c  >&5
/usr/sbin/ld: /tmp/ccoXbeG1.o: in function `main':
/home/vandunxg/CODE/hotel/hostay/xdebug-3.3.2/conftest.c:54:(.text.startup+0x5): undefined reference to `res_ninit'
collect2: error: ld returned 1 exit status
configure:5032: $? = 1
configure: failed program was:
| /* confdefs.h */
| #define PACKAGE_NAME ""
| #define PACKAGE_TARNAME ""
| #define PACKAGE_VERSION ""
| #define PACKAGE_STRING ""
| #define PACKAGE_BUGREPORT ""
| #define PACKAGE_URL ""
| #define HAVE_XDEBUG 1
| #define HAVE_XDEBUG_CLOCK_GETTIME 1
| #define HAVE_XDEBUG_CLOCK_GETTIME_NSEC_NP 0
| #define HAVE_GETTIMEOFDAY 1
| #define HAVE_STDIO_H 1
| #define HAVE_STDLIB_H 1
| #define HAVE_STRING_H 1
| #define HAVE_INTTYPES_H 1
| #define HAVE_STDINT_H 1
| #define HAVE_STRINGS_H 1
| #define HAVE_SYS_STAT_H 1
| #define HAVE_SYS_TYPES_H 1
| #define HAVE_UNISTD_H 1
| #define STDC_HEADERS 1
| #define HAVE_NETINET_IN_H 1
| #define HAVE_POLL_H 1
| #define HAVE_SYS_POLL_H 1
| #define HAVE_LINUX_RTNETLINK_H 1
| /* end confdefs.h.  */
| /* Define res_ninit to an innocuous variant, in case <limits.h> declares res_ninit.
|    For example, HP-UX 11i <limits.h> declares gettimeofday.  */
| #define res_ninit innocuous_res_ninit
| 
| /* System header to define __stub macros and hopefully few prototypes,
|    which can conflict with char res_ninit (void); below.  */
| 
| #include <limits.h>
| #undef res_ninit
| 
| /* Override any GCC internal prototype to avoid an error.
|    Use char because int might match the return type of a GCC
|    builtin and then its argument prototype would still apply.  */
| #ifdef __cplusplus
| extern "C"
| #endif
| char res_ninit (void);
| /* The GNU C library defines this for functions which it implements
|     to always fail with ENOSYS.  Some functions are actually named
|     something starting with __ and the normal name is an alias.  */
| #if defined __stub_res_ninit || defined __stub___res_ninit
| choke me
| #endif
| 
| int
| main (void)
| {
| return res_ninit ();
|   ;
|   return 0;
| }
configure:5032: result: no
configure:5037: checking for __res_ninit
configure:5037: cc -o conftest -g -O2 -I/usr/include/php -I/usr/include/php/main -I/usr/include/php/TSRM -I/usr/include/php/Zend -I/usr/include/php/ext -I/usr/include/php/ext/date/lib   conftest.c  >&5
configure:5037: $? = 0
configure:5037: result: yes
configure:5228: checking for res_nclose
configure:5228: cc -o conftest -g -O2 -I/usr/include/php -I/usr/include/php/main -I/usr/include/php/TSRM -I/usr/include/php/Zend -I/usr/include/php/ext -I/usr/include/php/ext/date/lib   conftest.c  >&5
/usr/sbin/ld: /tmp/ccnQUSPr.o: in function `main':
/home/vandunxg/CODE/hotel/hostay/xdebug-3.3.2/conftest.c:55:(.text.startup+0x5): undefined reference to `res_nclose'
collect2: error: ld returned 1 exit status
configure:5228: $? = 1
configure: failed program was:
| /* confdefs.h */
| #define PACKAGE_NAME ""
| #define PACKAGE_TARNAME ""
| #define PACKAGE_VERSION ""
| #define PACKAGE_STRING ""
| #define PACKAGE_BUGREPORT ""
| #define PACKAGE_URL ""
| #define HAVE_XDEBUG 1
| #define HAVE_XDEBUG_CLOCK_GETTIME 1
| #define HAVE_XDEBUG_CLOCK_GETTIME_NSEC_NP 0
| #define HAVE_GETTIMEOFDAY 1
| #define HAVE_STDIO_H 1
| #define HAVE_STDLIB_H 1
| #define HAVE_STRING_H 1
| #define HAVE_INTTYPES_H 1
| #define HAVE_STDINT_H 1
| #define HAVE_STRINGS_H 1
| #define HAVE_SYS_STAT_H 1
| #define HAVE_SYS_TYPES_H 1
| #define HAVE_UNISTD_H 1
| #define STDC_HEADERS 1
| #define HAVE_NETINET_IN_H 1
| #define HAVE_POLL_H 1
| #define HAVE_SYS_POLL_H 1
| #define HAVE_LINUX_RTNETLINK_H 1
| #define HAVE_RES_NINIT 1
| /* end confdefs.h.  */
| /* Define res_nclose to an innocuous variant, in case <limits.h> declares res_nclose.
|    For example, HP-UX 11i <limits.h> declares gettimeofday.  */
| #define res_nclose innocuous_res_nclose
| 
| /* System header to define __stub macros and hopefully few prototypes,
|    which can conflict with char res_nclose (void); below.  */
| 
| #include <limits.h>
| #undef res_nclose
| 
| /* Override any GCC internal prototype to avoid an error.
|    Use char because int might match the return type of a GCC
|    builtin and then its argument prototype would still apply.  */
| #ifdef __cplusplus
| extern "C"
| #endif
| char res_nclose (void);
| /* The GNU C library defines this for functions which it implements
|     to always fail with ENOSYS.  Some functions are actually named
|     something starting with __ and the normal name is an alias.  */
| #if defined __stub_res_nclose || defined __stub___res_nclose
| choke me
| #endif
| 
| int
| main (void)
| {
| return res_nclose ();
|   ;
|   return 0;
| }
configure:5228: result: no
configure:5233: checking for __res_nclose
configure:5233: cc -o conftest -g -O2 -I/usr/include/php -I/usr/include/php/main -I/usr/include/php/TSRM -I/usr/include/php/Zend -I/usr/include/php/ext -I/usr/include/php/ext/date/lib   conftest.c  >&5
configure:5233: $? = 0
configure:5233: result: yes
configure:5525: checking for cos in -lm
configure:5554: cc -o conftest -g -O2 -I/usr/include/php -I/usr/include/php/main -I/usr/include/php/TSRM -I/usr/include/php/Zend -I/usr/include/php/ext -I/usr/include/php/ext/date/lib   conftest.c -lm   >&5
conftest.c:39:6: warning: conflicting types for built-in function 'cos'; expected 'double(double)' [-Wbuiltin-declaration-mismatch]
   39 | char cos (void);
      |      ^~~
conftest.c:1:1: note: 'cos' is declared in header '<math.h>'
    1 | /* confdefs.h */
configure:5554: $? = 0
configure:5566: result: yes
configure:5611: checking for zlib >= 1.2.9
configure:5618: $PKG_CONFIG --exists --print-errors "zlib >= 1.2.9"
configure:5621: $? = 0
configure:5635: $PKG_CONFIG --exists --print-errors "zlib >= 1.2.9"
configure:5638: $? = 0
configure:5676: result: yes
configure:7820: checking for a sed that does not truncate output
configure:7876: result: /usr/sbin/sed
configure:7892: checking for ld used by cc
configure:7961: result: /usr/sbin/ld
configure:7968: checking if the linker (/usr/sbin/ld) is GNU ld
configure:7985: result: yes
configure:7990: checking for /usr/sbin/ld option to reload object files
configure:7999: result: -r
configure:8017: checking for BSD-compatible nm
configure:8068: result: /usr/sbin/nm -B
configure:8072: checking whether ln -s works
configure:8076: result: yes
configure:8083: checking how to recognize dependent libraries
configure:8271: result: pass_all
configure:8356: cc -c -g -O2  conftest.c >&5
configure:8359: $? = 0
configure:8492: checking for dlfcn.h
configure:8492: cc -c -g -O2  conftest.c >&5
configure:8492: $? = 0
configure:8492: result: yes
configure:8511: checking the maximum length of command line arguments
configure:8625: result: 1572864
configure:8637: checking command to parse /usr/sbin/nm -B output from cc object
configure:8743: cc -c -g -O2  conftest.c >&5
configure:8746: $? = 0
configure:8750: /usr/sbin/nm -B conftest.o \| sed -n -e 's/^.*[ 	]\([ABCDGIRSTW][ABCDGIRSTW]*\)[ 	][ 	]*\([_A-Za-z][_A-Za-z0-9]*\)$/\1 \2 \2/p' \> conftest.nm
configure:8753: $? = 0
configure:8805: cc -o conftest -g -O2   conftest.c conftstm.o >&5
configure:8808: $? = 0
configure:8847: result: ok
configure:8851: checking for objdir
configure:8868: result: .libs
configure:8966: checking for ar
configure:8987: found /usr/sbin/ar
configure:8999: result: ar
configure:9070: checking for ranlib
configure:9091: found /usr/sbin/ranlib
configure:9103: result: ranlib
configure:9174: checking for strip
configure:9195: found /usr/sbin/strip
configure:9207: result: strip
configure:9810: checking if cc supports -fno-rtti -fno-exceptions
configure:9829: cc -c -g -O2  -fno-rtti -fno-exceptions conftest.c >&5
cc1: warning: command-line option '-fno-rtti' is valid for C++/D/ObjC++ but not for C
configure:9833: $? = 0
configure:9847: result: no
configure:9862: checking for cc option to produce PIC
configure:10102: result: -fPIC
configure:10110: checking if cc PIC flag -fPIC works
configure:10129: cc -c -g -O2  -fPIC -DPIC conftest.c >&5
configure:10133: $? = 0
configure:10147: result: yes
configure:10175: checking if cc static flag -static works
configure:10205: result: yes
configure:10215: checking if cc supports -c -o file.o
configure:10237: cc -c -g -O2  -o out/conftest2.o conftest.c >&5
configure:10241: $? = 0
configure:10264: result: yes
configure:10290: checking whether the cc linker (/usr/sbin/ld -m elf_x86_64) supports shared libraries
configure:11218: result: yes
configure:11239: checking whether -lc should be explicitly linked in
configure:11244: cc -c -g -O2  conftest.c >&5
configure:11247: $? = 0
configure:11262: cc -shared conftest.o  -v -Wl,-soname -Wl,conftest -o conftest 2\>\&1 \| grep  -lc  \>/dev/null 2\>\&1
configure:11265: $? = 0
configure:11277: result: no
configure:11285: checking dynamic linker characteristics
configure:11894: result: GNU/Linux ld.so
configure:11922: checking how to hardcode library paths into programs
configure:11947: result: immediate
configure:11961: checking whether stripping libraries is possible
configure:11966: result: yes
configure:12529: checking if libtool supports shared libraries
configure:12531: result: yes
configure:12534: checking whether to build shared libraries
configure:12555: result: yes
configure:12558: checking whether to build static libraries
configure:12562: result: no
configure:12656: result:
creating libtool
configure:16433: patching config.h.in
configure:16444: creating ./config.status

## ---------------------- ##
## Running config.status. ##
## ---------------------- ##

This file was extended by config.status, which was
generated by GNU Autoconf 2.72.  Invocation command line was

  CONFIG_FILES    = 
  CONFIG_HEADERS  = 
  CONFIG_LINKS    = 
  CONFIG_COMMANDS = 
  $ ./config.status 

on vandunxg

config.status:683: creating config.h

## ---------------- ##
## Cache variables. ##
## ---------------- ##

ac_cv_build=x86_64-pc-linux-gnu
ac_cv_c_compiler_gnu=yes
ac_cv_env_CC_set=
ac_cv_env_CC_value=
ac_cv_env_CFLAGS_set=
ac_cv_env_CFLAGS_value=
ac_cv_env_CPPFLAGS_set=
ac_cv_env_CPPFLAGS_value=
ac_cv_env_CPP_set=
ac_cv_env_CPP_value=
ac_cv_env_LDFLAGS_set=
ac_cv_env_LDFLAGS_value=
ac_cv_env_LIBS_set=
ac_cv_env_LIBS_value=
ac_cv_env_PKG_CONFIG_LIBDIR_set=
ac_cv_env_PKG_CONFIG_LIBDIR_value=
ac_cv_env_PKG_CONFIG_PATH_set=
ac_cv_env_PKG_CONFIG_PATH_value=
ac_cv_env_PKG_CONFIG_set=
ac_cv_env_PKG_CONFIG_value=
ac_cv_env_ZLIB_CFLAGS_set=
ac_cv_env_ZLIB_CFLAGS_value=
ac_cv_env_ZLIB_LIBS_set=
ac_cv_env_ZLIB_LIBS_value=
ac_cv_env_build_alias_set=
ac_cv_env_build_alias_value=
ac_cv_env_host_alias_set=
ac_cv_env_host_alias_value=
ac_cv_env_target_alias_set=
ac_cv_env_target_alias_value=
ac_cv_func___res_nclose=yes
ac_cv_func___res_ninit=yes
ac_cv_func_clock_gettime_nsec_np=no
ac_cv_func_gettimeofday=yes
ac_cv_func_res_nclose=yes
ac_cv_func_res_ninit=yes
ac_cv_header_dlfcn_h=yes
ac_cv_header_inttypes_h=yes
ac_cv_header_linux_rtnetlink_h=yes
ac_cv_header_netinet_in_h=yes
ac_cv_header_poll_h=yes
ac_cv_header_stdint_h=yes
ac_cv_header_stdio_h=yes
ac_cv_header_stdlib_h=yes
ac_cv_header_string_h=yes
ac_cv_header_strings_h=yes
ac_cv_header_sys_poll_h=yes
ac_cv_header_sys_stat_h=yes
ac_cv_header_sys_types_h=yes
ac_cv_header_unistd_h=yes
ac_cv_host=x86_64-pc-linux-gnu
ac_cv_lib_m_cos=yes
ac_cv_objext=o
ac_cv_path_EGREP='/usr/sbin/grep -E'
ac_cv_path_EGREP_TRADITIONAL='/usr/sbin/grep -E'
ac_cv_path_GREP=/usr/sbin/grep
ac_cv_path_SED=/usr/sbin/sed
ac_cv_path_ac_pt_PKG_CONFIG=/usr/sbin/pkg-config
ac_cv_prog_AWK=gawk
ac_cv_prog_CPP='cc -E'
ac_cv_prog_ac_ct_AR=ar
ac_cv_prog_ac_ct_CC=cc
ac_cv_prog_ac_ct_RANLIB=ranlib
ac_cv_prog_ac_ct_STRIP=strip
ac_cv_prog_cc_c11=
ac_cv_prog_cc_g=yes
ac_cv_prog_cc_stdc=
ac_cv_target=x86_64-pc-linux-gnu
lt_cv_deplibs_check_method=pass_all
lt_cv_file_magic_cmd='$MAGIC_CMD'
lt_cv_file_magic_test_file=
lt_cv_ld_reload_flag=-r
lt_cv_objdir=.libs
lt_cv_path_LD=/usr/sbin/ld
lt_cv_path_NM='/usr/sbin/nm -B'
lt_cv_path_SED=/usr/sbin/sed
lt_cv_prog_compiler_c_o=yes
lt_cv_prog_compiler_pic_works=yes
lt_cv_prog_compiler_rtti_exceptions=no
lt_cv_prog_compiler_static_works=yes
lt_cv_prog_gnu_ld=yes
lt_cv_sys_global_symbol_pipe='sed -n -e '\''s/^.*[ 	]\([ABCDGIRSTW][ABCDGIRSTW]*\)[ 	][ 	]*\([_A-Za-z][_A-Za-z0-9]*\)$/\1 \2 \2/p'\'''
lt_cv_sys_global_symbol_to_c_name_address='sed -n -e '\''s/^: \([^ ]*\) $/  {\"\1\", (lt_ptr) 0},/p'\'' -e '\''s/^[BCDEGRST] \([^ ]*\) \([^ ]*\)$/  {"\2", (lt_ptr) \&\2},/p'\'''
lt_cv_sys_global_symbol_to_cdecl='sed -n -e '\''s/^. .* \(.*\)$/extern int \1;/p'\'''
lt_cv_sys_lib_dlsearch_path_spec='/lib /usr/lib /usr/lib/libfakeroot '
lt_cv_sys_lib_search_path_spec='/usr/lib/gcc/x86_64-pc-linux-gnu/13.2.1 /usr/lib /lib'
lt_cv_sys_max_cmd_len=1572864
lt_lt_cv_prog_compiler_c_o='"yes"'
lt_lt_cv_sys_global_symbol_pipe='"sed -n -e '\''s/^.*[ 	]\\([ABCDGIRSTW][ABCDGIRSTW]*\\)[ 	][ 	]*\\([_A-Za-z][_A-Za-z0-9]*\\)\$/\\1 \\2 \\2/p'\''"'
lt_lt_cv_sys_global_symbol_to_c_name_address='"sed -n -e '\''s/^: \\([^ ]*\\) \$/  {\\\"\\1\\\", (lt_ptr) 0},/p'\'' -e '\''s/^[BCDEGRST] \\([^ ]*\\) \\([^ ]*\\)\$/  {\"\\2\", (lt_ptr) \\&\\2},/p'\''"'
lt_lt_cv_sys_global_symbol_to_cdecl='"sed -n -e '\''s/^. .* \\(.*\\)\$/extern int \\1;/p'\''"'
php_cv_cc_rpath=yes
pkg_cv_ZLIB_CFLAGS=
pkg_cv_ZLIB_LIBS=-lz

## ----------------- ##
## Output variables. ##
## ----------------- ##

AR='ar'
AWK='gawk'
BUILD_CC='cc'
CC='cc'
CFLAGS='-g -O2'
CONFIGURE_COMMAND=' '\''./configure'\''  '\''--with-php-config=/usr/bin/php-config'\'''
CONFIGURE_OPTIONS=' '\''--with-php-config=/usr/bin/php-config'\'''
CPP='cc -E'
CPPFLAGS=' -DHAVE_CONFIG_H'
DEFS='-DHAVE_CONFIG_H'
DSYMUTIL=''
ECHO='echo'
ECHO_C=''
ECHO_N='-n'
ECHO_T=''
EGREP='/usr/sbin/grep -E'
EXEEXT=''
GREP='/usr/sbin/grep'
LDFLAGS=''
LIBOBJS=''
LIBS=''
LIBTOOL='$(SHELL) $(top_builddir)/libtool'
LN_S='ln -s'
LTLIBOBJS=''
NMEDIT=''
OBJEXT='o'
PACKAGE_BUGREPORT=''
PACKAGE_NAME=''
PACKAGE_STRING=''
PACKAGE_TARNAME=''
PACKAGE_URL=''
PACKAGE_VERSION=''
PATH_SEPARATOR=':'
PKG_CONFIG='/usr/sbin/pkg-config'
PKG_CONFIG_LIBDIR=''
PKG_CONFIG_PATH=''
RANLIB='ranlib'
SED='/usr/sbin/sed'
SHELL='/bin/sh'
SHLIB_DL_SUFFIX_NAME='so'
SHLIB_SUFFIX_NAME='so'
STRIP='strip'
ZLIB_CFLAGS=''
ZLIB_LIBS='-lz'
ac_ct_CC='cc'
bindir='${exec_prefix}/bin'
build='x86_64-pc-linux-gnu'
build_alias=''
build_cpu='x86_64'
build_os='linux-gnu'
build_vendor='pc'
datadir='${datarootdir}'
datarootdir='${prefix}/share'
docdir='${datarootdir}/doc/${PACKAGE}'
dvidir='${docdir}'
exec_prefix='$(prefix)'
host='x86_64-pc-linux-gnu'
host_alias='x86_64-pc-linux-gnu'
host_cpu='x86_64'
host_os='linux-gnu'
host_vendor='pc'
htmldir='${docdir}'
includedir='${prefix}/include'
infodir='${datarootdir}/info'
libdir='${exec_prefix}/lib'
libexecdir='${exec_prefix}/libexec'
localedir='${datarootdir}/locale'
localstatedir='${prefix}/var'
mandir='${datarootdir}/man'
oldincludedir='/usr/include'
pdfdir='${docdir}'
prefix='/usr'
program_transform_name='s,x,x,'
psdir='${docdir}'
runstatedir='${localstatedir}/run'
sbindir='${exec_prefix}/sbin'
sharedstatedir='${prefix}/com'
sysconfdir='${prefix}/etc'
target='x86_64-pc-linux-gnu'
target_alias=''
target_cpu='x86_64'
target_os='linux-gnu'
target_vendor='pc'

## ----------- ##
## confdefs.h. ##
## ----------- ##

/* confdefs.h */
#define PACKAGE_NAME ""
#define PACKAGE_TARNAME ""
#define PACKAGE_VERSION ""
#define PACKAGE_STRING ""
#define PACKAGE_BUGREPORT ""
#define PACKAGE_URL ""
#define HAVE_XDEBUG 1
#define HAVE_XDEBUG_CLOCK_GETTIME 1
#define HAVE_XDEBUG_CLOCK_GETTIME_NSEC_NP 0
#define HAVE_GETTIMEOFDAY 1
#define HAVE_STDIO_H 1
#define HAVE_STDLIB_H 1
#define HAVE_STRING_H 1
#define HAVE_INTTYPES_H 1
#define HAVE_STDINT_H 1
#define HAVE_STRINGS_H 1
#define HAVE_SYS_STAT_H 1
#define HAVE_SYS_TYPES_H 1
#define HAVE_UNISTD_H 1
#define STDC_HEADERS 1
#define HAVE_NETINET_IN_H 1
#define HAVE_POLL_H 1
#define HAVE_SYS_POLL_H 1
#define HAVE_LINUX_RTNETLINK_H 1
#define HAVE_RES_NINIT 1
#define HAVE_RES_NCLOSE 1
#define HAVE_XDEBUG_ZLIB 1
#define COMPILE_DL_XDEBUG 1
#define HAVE_DLFCN_H 1

configure: exit 0
